[custom_lint] 2025-09-25T16:32:16.958004 Loading dynamic library failed: not a Mach-O shared object
[custom_lint] 2025-09-25T16:32:16.958004 lib/custom_lint_client.dart is not an AOT snapshot, it cannot be run with 'dartaotruntime'
[custom_lint] 2025-09-25T16:32:16.958004
[custom_lint] 2025-09-25T16:32:16.958004
Failed to start pluginsThe request analysis.setContextRoots failed with the following error:
RequestErrorCode.PLUGIN_ERROR
Bad state: Failed to start the plugins.
at:
#0      SocketCustomLintServerToClientChannel._checkInitializationFail.<anonymous closure> (package:custom_lint/src/v2/server_to_client_channel.dart:223)
<asynchronous suspension>
#1      Future.any.onValue (dart:async/future.dart:616)
<asynchronous suspension>

[custom_lint] 2025-09-25T16:37:09.623249 Loading dynamic library failed: not a Mach-O shared object
[custom_lint] 2025-09-25T16:37:09.623249 lib/custom_lint_client.dart is not an AOT snapshot, it cannot be run with 'dartaotruntime'
[custom_lint] 2025-09-25T16:37:09.623249
[custom_lint] 2025-09-25T16:37:09.623249
Failed to start pluginsThe request analysis.setContextRoots failed with the following error:
RequestErrorCode.PLUGIN_ERROR
Bad state: Failed to start the plugins.
at:
#0      SocketCustomLintServerToClientChannel._checkInitializationFail.<anonymous closure> (package:custom_lint/src/v2/server_to_client_channel.dart:223)
<asynchronous suspension>
#1      Future.any.onValue (dart:async/future.dart:616)
<asynchronous suspension>

[custom_lint] 2025-09-25T16:48:09.902959 Loading dynamic library failed: not a Mach-O shared object
[custom_lint] 2025-09-25T16:48:09.902959 lib/custom_lint_client.dart is not an AOT snapshot, it cannot be run with 'dartaotruntime'
[custom_lint] 2025-09-25T16:48:09.902959
[custom_lint] 2025-09-25T16:48:09.902959
Failed to start pluginsThe request analysis.setContextRoots failed with the following error:
RequestErrorCode.PLUGIN_ERROR
Bad state: Failed to start the plugins.
at:
#0      SocketCustomLintServerToClientChannel._checkInitializationFail.<anonymous closure> (package:custom_lint/src/v2/server_to_client_channel.dart:223)
<asynchronous suspension>
#1      Future.any.onValue (dart:async/future.dart:616)
<asynchronous suspension>

[custom_lint] 2025-09-25T17:04:10.253461 Loading dynamic library failed: not a Mach-O shared object
[custom_lint] 2025-09-25T17:04:10.253461 lib/custom_lint_client.dart is not an AOT snapshot, it cannot be run with 'dartaotruntime'
[custom_lint] 2025-09-25T17:04:10.253461
[custom_lint] 2025-09-25T17:04:10.253461
Failed to start pluginsThe request analysis.setContextRoots failed with the following error:
RequestErrorCode.PLUGIN_ERROR
Bad state: Failed to start the plugins.
at:
#0      SocketCustomLintServerToClientChannel._checkInitializationFail.<anonymous closure> (package:custom_lint/src/v2/server_to_client_channel.dart:223)
<asynchronous suspension>
#1      Future.any.onValue (dart:async/future.dart:616)
<asynchronous suspension>

[custom_lint] 2025-09-25T17:27:55.125836 Loading dynamic library failed: not a Mach-O shared object
[custom_lint] 2025-09-25T17:27:55.125836 lib/custom_lint_client.dart is not an AOT snapshot, it cannot be run with 'dartaotruntime'
[custom_lint] 2025-09-25T17:27:55.125836
[custom_lint] 2025-09-25T17:27:55.125836
Failed to start pluginsThe request analysis.setContextRoots failed with the following error:
RequestErrorCode.PLUGIN_ERROR
Bad state: Failed to start the plugins.
at:
#0      SocketCustomLintServerToClientChannel._checkInitializationFail.<anonymous closure> (package:custom_lint/src/v2/server_to_client_channel.dart:223)
<asynchronous suspension>
#1      Future.any.onValue (dart:async/future.dart:616)
<asynchronous suspension>

[custom_lint] 2025-09-25T17:42:21.002525 Loading dynamic library failed: not a Mach-O shared object
[custom_lint] 2025-09-25T17:42:21.002525 lib/custom_lint_client.dart is not an AOT snapshot, it cannot be run with 'dartaotruntime'
[custom_lint] 2025-09-25T17:42:21.002525
[custom_lint] 2025-09-25T17:42:21.002525
Failed to start pluginsThe request analysis.setContextRoots failed with the following error:
RequestErrorCode.PLUGIN_ERROR
Bad state: Failed to start the plugins.
at:
#0      SocketCustomLintServerToClientChannel._checkInitializationFail.<anonymous closure> (package:custom_lint/src/v2/server_to_client_channel.dart:223)
<asynchronous suspension>
#1      Future.any.onValue (dart:async/future.dart:616)
<asynchronous suspension>

[custom_lint] 2025-09-25T17:42:21.027404 Loading dynamic library failed: not a Mach-O shared object
[custom_lint] 2025-09-25T17:42:21.027404 lib/custom_lint_client.dart is not an AOT snapshot, it cannot be run with 'dartaotruntime'
[custom_lint] 2025-09-25T17:42:21.027404
[custom_lint] 2025-09-25T17:42:21.027404
Failed to start pluginsThe request analysis.setContextRoots failed with the following error:
RequestErrorCode.PLUGIN_ERROR
Bad state: Failed to start the plugins.
at:
#0      SocketCustomLintServerToClientChannel._checkInitializationFail.<anonymous closure> (package:custom_lint/src/v2/server_to_client_channel.dart:223)
<asynchronous suspension>
#1      Future.any.onValue (dart:async/future.dart:616)
<asynchronous suspension>

[custom_lint] 2025-09-25T17:49:17.917851 Loading dynamic library failed: not a Mach-O shared object
[custom_lint] 2025-09-25T17:49:17.917851 lib/custom_lint_client.dart is not an AOT snapshot, it cannot be run with 'dartaotruntime'
[custom_lint] 2025-09-25T17:49:17.917851
[custom_lint] 2025-09-25T17:49:17.917851
Failed to start pluginsThe request analysis.setContextRoots failed with the following error:
RequestErrorCode.PLUGIN_ERROR
Bad state: Failed to start the plugins.
at:
#0      SocketCustomLintServerToClientChannel._checkInitializationFail.<anonymous closure> (package:custom_lint/src/v2/server_to_client_channel.dart:223)
<asynchronous suspension>
#1      Future.any.onValue (dart:async/future.dart:616)
<asynchronous suspension>

